2022-05-24 00:02:47.524  INFO 9992 --- [  restartedMain] o.s.b.w.embedded.tomcat.TomcatWebServer  : Tomcat initialized with port(s): 9999 (http)
2022-05-24 00:02:47.569  INFO 9992 --- [  restartedMain] w.s.c.ServletWebServerApplicationContext : Root WebApplicationContext: initialization completed in 355 ms
2022-05-24 00:02:47.672  INFO 9992 --- [  restartedMain] o.s.b.d.a.OptionalLiveReloadServer       : LiveReload server is running on port 35729
2022-05-24 00:02:47.707  INFO 9992 --- [  restartedMain] o.s.b.w.embedded.tomcat.TomcatWebServer  : Tomcat started on port(s): 9999 (http) with context path '/vue'
2022-05-24 00:02:47.773  INFO 9992 --- [  restartedMain] .ConditionEvaluationDeltaLoggingListener : Condition evaluation unchanged
2022-05-24 00:02:48.614  INFO 9992 --- [nio-9999-exec-1] o.s.web.servlet.DispatcherServlet        : Initializing Servlet 'dispatcherServlet'
2022-05-24 00:02:48.615  INFO 9992 --- [nio-9999-exec-1] o.s.web.servlet.DispatcherServlet        : Completed initialization in 0 ms
2022-05-24 00:03:47.541  INFO 9992 --- [  restartedMain] o.s.b.w.embedded.tomcat.TomcatWebServer  : Tomcat initialized with port(s): 9999 (http)
2022-05-24 00:03:47.585  INFO 9992 --- [  restartedMain] w.s.c.ServletWebServerApplicationContext : Root WebApplicationContext: initialization completed in 392 ms
2022-05-24 00:03:47.695  INFO 9992 --- [  restartedMain] o.s.b.d.a.OptionalLiveReloadServer       : LiveReload server is running on port 35729
2022-05-24 00:03:47.729  INFO 9992 --- [  restartedMain] o.s.b.w.embedded.tomcat.TomcatWebServer  : Tomcat started on port(s): 9999 (http) with context path '/vue'
2022-05-24 00:03:47.783  INFO 9992 --- [  restartedMain] .ConditionEvaluationDeltaLoggingListener : Condition evaluation unchanged
2022-05-24 00:03:49.770  INFO 9992 --- [  restartedMain] o.s.b.w.embedded.tomcat.TomcatWebServer  : Tomcat initialized with port(s): 9999 (http)
2022-05-24 00:03:49.809  INFO 9992 --- [  restartedMain] w.s.c.ServletWebServerApplicationContext : Root WebApplicationContext: initialization completed in 333 ms
2022-05-24 00:03:49.911  INFO 9992 --- [  restartedMain] o.s.b.d.a.OptionalLiveReloadServer       : LiveReload server is running on port 35729
2022-05-24 00:03:49.950  INFO 9992 --- [  restartedMain] o.s.b.w.embedded.tomcat.TomcatWebServer  : Tomcat started on port(s): 9999 (http) with context path '/vue'
2022-05-24 00:03:50.001  INFO 9992 --- [  restartedMain] .ConditionEvaluationDeltaLoggingListener : Condition evaluation unchanged
2022-05-24 00:03:51.090  INFO 9992 --- [nio-9999-exec-1] o.s.web.servlet.DispatcherServlet        : Initializing Servlet 'dispatcherServlet'
2022-05-24 00:03:51.092  INFO 9992 --- [nio-9999-exec-1] o.s.web.servlet.DispatcherServlet        : Completed initialization in 1 ms
2022-05-24 00:04:16.765  INFO 9992 --- [  restartedMain] o.s.b.w.embedded.tomcat.TomcatWebServer  : Tomcat initialized with port(s): 9999 (http)
2022-05-24 00:04:16.805  INFO 9992 --- [  restartedMain] w.s.c.ServletWebServerApplicationContext : Root WebApplicationContext: initialization completed in 338 ms
2022-05-24 00:04:16.929  INFO 9992 --- [  restartedMain] o.s.b.d.a.OptionalLiveReloadServer       : LiveReload server is running on port 35729
2022-05-24 00:04:16.974  INFO 9992 --- [  restartedMain] o.s.b.w.embedded.tomcat.TomcatWebServer  : Tomcat started on port(s): 9999 (http) with context path '/vue'
2022-05-24 00:04:17.039  INFO 9992 --- [  restartedMain] .ConditionEvaluationDeltaLoggingListener : Condition evaluation unchanged
2022-05-24 00:04:18.002  INFO 9992 --- [nio-9999-exec-1] o.s.web.servlet.DispatcherServlet        : Initializing Servlet 'dispatcherServlet'
2022-05-24 00:04:18.004  INFO 9992 --- [nio-9999-exec-1] o.s.web.servlet.DispatcherServlet        : Completed initialization in 1 ms
2022-05-24 00:05:16.807  INFO 9992 --- [  restartedMain] o.s.b.w.embedded.tomcat.TomcatWebServer  : Tomcat initialized with port(s): 9999 (http)
2022-05-24 00:05:16.843  INFO 9992 --- [  restartedMain] w.s.c.ServletWebServerApplicationContext : Root WebApplicationContext: initialization completed in 419 ms
2022-05-24 00:05:16.944  INFO 9992 --- [  restartedMain] o.s.b.d.a.OptionalLiveReloadServer       : LiveReload server is running on port 35729
2022-05-24 00:05:16.982  INFO 9992 --- [  restartedMain] o.s.b.w.embedded.tomcat.TomcatWebServer  : Tomcat started on port(s): 9999 (http) with context path '/vue'
2022-05-24 00:05:17.037  INFO 9992 --- [  restartedMain] .ConditionEvaluationDeltaLoggingListener : Condition evaluation unchanged
2022-05-24 00:05:19.066  INFO 9992 --- [nio-9999-exec-1] o.s.web.servlet.DispatcherServlet        : Initializing Servlet 'dispatcherServlet'
2022-05-24 00:05:19.068  INFO 9992 --- [nio-9999-exec-1] o.s.web.servlet.DispatcherServlet        : Completed initialization in 1 ms
2022-05-24 00:06:21.957  INFO 9992 --- [  restartedMain] o.s.b.w.embedded.tomcat.TomcatWebServer  : Tomcat initialized with port(s): 9999 (http)
2022-05-24 00:06:21.996  INFO 9992 --- [  restartedMain] w.s.c.ServletWebServerApplicationContext : Root WebApplicationContext: initialization completed in 369 ms
2022-05-24 00:06:22.100  INFO 9992 --- [  restartedMain] o.s.b.d.a.OptionalLiveReloadServer       : LiveReload server is running on port 35729
2022-05-24 00:06:22.140  INFO 9992 --- [  restartedMain] o.s.b.w.embedded.tomcat.TomcatWebServer  : Tomcat started on port(s): 9999 (http) with context path '/vue'
2022-05-24 00:06:22.207  INFO 9992 --- [  restartedMain] .ConditionEvaluationDeltaLoggingListener : Condition evaluation unchanged
2022-05-24 00:12:29.671  INFO 9992 --- [  restartedMain] o.s.b.w.embedded.tomcat.TomcatWebServer  : Tomcat initialized with port(s): 9999 (http)
2022-05-24 00:12:29.711  INFO 9992 --- [  restartedMain] w.s.c.ServletWebServerApplicationContext : Root WebApplicationContext: initialization completed in 381 ms
2022-05-24 00:12:29.818  INFO 9992 --- [  restartedMain] o.s.b.d.a.OptionalLiveReloadServer       : LiveReload server is running on port 35729
2022-05-24 00:12:29.854  INFO 9992 --- [  restartedMain] o.s.b.w.embedded.tomcat.TomcatWebServer  : Tomcat started on port(s): 9999 (http) with context path '/vue'
2022-05-24 00:12:29.904  INFO 9992 --- [  restartedMain] .ConditionEvaluationDeltaLoggingListener : Condition evaluation unchanged
2022-05-24 00:12:34.129  INFO 9992 --- [nio-9999-exec-1] o.s.web.servlet.DispatcherServlet        : Initializing Servlet 'dispatcherServlet'
2022-05-24 00:12:34.131  INFO 9992 --- [nio-9999-exec-1] o.s.web.servlet.DispatcherServlet        : Completed initialization in 2 ms
2022-05-24 00:13:03.892 ERROR 9992 --- [nio-9999-exec-6] o.a.c.c.C.[.[.[.[dispatcherServlet]      : Servlet.service() for servlet [dispatcherServlet] in context with path [/vue] threw exception [Handler dispatch failed; nested exception is java.lang.Error: Unresolved compilation problem: 
	The method getAptDetailInDate(String, String, String) in the type HouseMapMapper is not applicable for the arguments (DateDto)
] with root cause

java.lang.Error: Unresolved compilation problem: 
	The method getAptDetailInDate(String, String, String) in the type HouseMapMapper is not applicable for the arguments (DateDto)

	at com.ssafy.vue.service.HouseMapServiceImpl.getAptDetailInDate(HouseMapServiceImpl.java:79)
	at com.ssafy.vue.controller.HouseMapController.apt_detailInDate(HouseMapController.java:95)
	at sun.reflect.NativeMethodAccessorImpl.invoke0(Native Method)
	at sun.reflect.NativeMethodAccessorImpl.invoke(NativeMethodAccessorImpl.java:62)
	at sun.reflect.DelegatingMethodAccessorImpl.invoke(DelegatingMethodAccessorImpl.java:43)
	at java.lang.reflect.Method.invoke(Method.java:498)
	at org.springframework.web.method.support.InvocableHandlerMethod.doInvoke(InvocableHandlerMethod.java:205)
	at org.springframework.web.method.support.InvocableHandlerMethod.invokeForRequest(InvocableHandlerMethod.java:150)
	at org.springframework.web.servlet.mvc.method.annotation.ServletInvocableHandlerMethod.invokeAndHandle(ServletInvocableHandlerMethod.java:117)
	at org.springframework.web.servlet.mvc.method.annotation.RequestMappingHandlerAdapter.invokeHandlerMethod(RequestMappingHandlerAdapter.java:895)
	at org.springframework.web.servlet.mvc.method.annotation.RequestMappingHandlerAdapter.handleInternal(RequestMappingHandlerAdapter.java:808)
	at org.springframework.web.servlet.mvc.method.AbstractHandlerMethodAdapter.handle(AbstractHandlerMethodAdapter.java:87)
	at org.springframework.web.servlet.DispatcherServlet.doDispatch(DispatcherServlet.java:1067)
	at org.springframework.web.servlet.DispatcherServlet.doService(DispatcherServlet.java:963)
	at org.springframework.web.servlet.FrameworkServlet.processRequest(FrameworkServlet.java:1006)
	at org.springframework.web.servlet.FrameworkServlet.doGet(FrameworkServlet.java:898)
	at javax.servlet.http.HttpServlet.service(HttpServlet.java:655)
	at org.springframework.web.servlet.FrameworkServlet.service(FrameworkServlet.java:883)
	at javax.servlet.http.HttpServlet.service(HttpServlet.java:764)
	at org.apache.catalina.core.ApplicationFilterChain.internalDoFilter(ApplicationFilterChain.java:227)
	at org.apache.catalina.core.ApplicationFilterChain.doFilter(ApplicationFilterChain.java:162)
	at org.apache.tomcat.websocket.server.WsFilter.doFilter(WsFilter.java:53)
	at org.apache.catalina.core.ApplicationFilterChain.internalDoFilter(ApplicationFilterChain.java:189)
	at org.apache.catalina.core.ApplicationFilterChain.doFilter(ApplicationFilterChain.java:162)
	at org.springframework.web.filter.RequestContextFilter.doFilterInternal(RequestContextFilter.java:100)
	at org.springframework.web.filter.OncePerRequestFilter.doFilter(OncePerRequestFilter.java:117)
	at org.apache.catalina.core.ApplicationFilterChain.internalDoFilter(ApplicationFilterChain.java:189)
	at org.apache.catalina.core.ApplicationFilterChain.doFilter(ApplicationFilterChain.java:162)
	at org.springframework.web.filter.FormContentFilter.doFilterInternal(FormContentFilter.java:93)
	at org.springframework.web.filter.OncePerRequestFilter.doFilter(OncePerRequestFilter.java:117)
	at org.apache.catalina.core.ApplicationFilterChain.internalDoFilter(ApplicationFilterChain.java:189)
	at org.apache.catalina.core.ApplicationFilterChain.doFilter(ApplicationFilterChain.java:162)
	at org.springframework.web.filter.CharacterEncodingFilter.doFilterInternal(CharacterEncodingFilter.java:201)
	at org.springframework.web.filter.OncePerRequestFilter.doFilter(OncePerRequestFilter.java:117)
	at org.apache.catalina.core.ApplicationFilterChain.internalDoFilter(ApplicationFilterChain.java:189)
	at org.apache.catalina.core.ApplicationFilterChain.doFilter(ApplicationFilterChain.java:162)
	at org.apache.catalina.core.StandardWrapperValve.invoke(StandardWrapperValve.java:197)
	at org.apache.catalina.core.StandardContextValve.invoke(StandardContextValve.java:97)
	at org.apache.catalina.authenticator.AuthenticatorBase.invoke(AuthenticatorBase.java:541)
	at org.apache.catalina.core.StandardHostValve.invoke(StandardHostValve.java:135)
	at org.apache.catalina.valves.ErrorReportValve.invoke(ErrorReportValve.java:92)
	at org.apache.catalina.core.StandardEngineValve.invoke(StandardEngineValve.java:78)
	at org.apache.catalina.connector.CoyoteAdapter.service(CoyoteAdapter.java:360)
	at org.apache.coyote.http11.Http11Processor.service(Http11Processor.java:399)
	at org.apache.coyote.AbstractProcessorLight.process(AbstractProcessorLight.java:65)
	at org.apache.coyote.AbstractProtocol$ConnectionHandler.process(AbstractProtocol.java:890)
	at org.apache.tomcat.util.net.NioEndpoint$SocketProcessor.doRun(NioEndpoint.java:1743)
	at org.apache.tomcat.util.net.SocketProcessorBase.run(SocketProcessorBase.java:49)
	at org.apache.tomcat.util.threads.ThreadPoolExecutor.runWorker(ThreadPoolExecutor.java:1191)
	at org.apache.tomcat.util.threads.ThreadPoolExecutor$Worker.run(ThreadPoolExecutor.java:659)
	at org.apache.tomcat.util.threads.TaskThread$WrappingRunnable.run(TaskThread.java:61)
	at java.lang.Thread.run(Thread.java:748)

2022-05-24 00:14:03.696  INFO 9992 --- [  restartedMain] o.s.b.w.embedded.tomcat.TomcatWebServer  : Tomcat initialized with port(s): 9999 (http)
2022-05-24 00:14:03.735  INFO 9992 --- [  restartedMain] w.s.c.ServletWebServerApplicationContext : Root WebApplicationContext: initialization completed in 368 ms
2022-05-24 00:14:03.843  INFO 9992 --- [  restartedMain] o.s.b.d.a.OptionalLiveReloadServer       : LiveReload server is running on port 35729
2022-05-24 00:14:03.884  INFO 9992 --- [  restartedMain] o.s.b.w.embedded.tomcat.TomcatWebServer  : Tomcat started on port(s): 9999 (http) with context path '/vue'
2022-05-24 00:14:03.936  INFO 9992 --- [  restartedMain] .ConditionEvaluationDeltaLoggingListener : Condition evaluation unchanged
2022-05-24 00:14:06.529  INFO 9992 --- [nio-9999-exec-1] o.s.web.servlet.DispatcherServlet        : Initializing Servlet 'dispatcherServlet'
2022-05-24 00:14:06.530  INFO 9992 --- [nio-9999-exec-1] o.s.web.servlet.DispatcherServlet        : Completed initialization in 0 ms
2022-05-24 00:14:26.604 DEBUG 9992 --- [nio-9999-exec-3] c.s.vue.controller.HouseMapController    : MapInfoDto [level=5, swLat=36.08910913092054, swLng=128.40791736918422, neLat=36.1155189865547, neLng=128.46005427058233]
2022-05-24 00:15:33.715  INFO 9992 --- [  restartedMain] o.s.b.w.embedded.tomcat.TomcatWebServer  : Tomcat initialized with port(s): 9999 (http)
2022-05-24 00:15:33.752  INFO 9992 --- [  restartedMain] w.s.c.ServletWebServerApplicationContext : Root WebApplicationContext: initialization completed in 368 ms
2022-05-24 00:15:33.876  INFO 9992 --- [  restartedMain] o.s.b.d.a.OptionalLiveReloadServer       : LiveReload server is running on port 35729
2022-05-24 00:15:33.944  INFO 9992 --- [  restartedMain] o.s.b.w.embedded.tomcat.TomcatWebServer  : Tomcat started on port(s): 9999 (http) with context path '/vue'
2022-05-24 00:15:34.006  INFO 9992 --- [  restartedMain] .ConditionEvaluationDeltaLoggingListener : Condition evaluation unchanged
2022-05-24 00:23:21.452  INFO 9992 --- [nio-9999-exec-1] o.s.web.servlet.DispatcherServlet        : Initializing Servlet 'dispatcherServlet'
2022-05-24 00:23:21.455  INFO 9992 --- [nio-9999-exec-1] o.s.web.servlet.DispatcherServlet        : Completed initialization in 2 ms
2022-05-24 00:23:22.893 DEBUG 9992 --- [nio-9999-exec-2] c.s.vue.controller.HouseMapController    : MapInfoDto [level=5, swLat=36.089011975152175, swLng=128.4115794257972, neLat=36.115420210588645, neLng=128.46371743281867]
2022-05-24 00:23:28.277 DEBUG 9992 --- [nio-9999-exec-3] c.s.vue.controller.HouseMapController    : MapInfoDto [level=6, swLat=36.07904301510473, swLng=128.3979467847965, neLat=36.13184833313112, neLng=128.50223510614973]
2022-05-24 00:23:36.048 DEBUG 9992 --- [nio-9999-exec-4] c.s.vue.controller.HouseMapController    : MapInfoDto [level=6, swLat=36.091731769398514, swLng=128.3729459092711, neLat=36.14455874826483, neLng=128.47723532227917]
2022-05-24 00:23:45.263 DEBUG 9992 --- [nio-9999-exec-5] c.s.vue.controller.HouseMapController    : MapInfoDto [level=6, swLat=36.104944484119834, swLng=128.27998472666562, neLat=36.15785328489587, neLng=128.38423226398666]
2022-05-24 00:23:46.706 DEBUG 9992 --- [nio-9999-exec-6] c.s.vue.controller.HouseMapController    : MapInfoDto [level=6, swLat=36.10236997092891, swLng=128.31139071545147, neLat=36.15525106799069, neLng=128.41565497794258]
2022-05-24 00:25:13.911 DEBUG 9992 --- [nio-9999-exec-9] c.s.vue.controller.HouseMapController    : MapInfoDto [level=5, swLat=36.08825911608911, swLng=128.40970077864253, neLat=36.11466819825983, neLng=128.46183767862976]
2022-05-24 00:25:15.169 DEBUG 9992 --- [io-9999-exec-10] c.s.vue.controller.HouseMapController    : MapInfoDto [level=6, swLat=36.0792562374865, swLng=128.39666283924652, neLat=36.1320626850937, neLng=128.50095062718495]
2022-05-24 00:25:18.687 DEBUG 9992 --- [nio-9999-exec-1] c.s.vue.controller.HouseMapController    : MapInfoDto [level=6, swLat=36.07952273326389, swLng=128.37988270674063, neLat=36.13234404039555, neLng=128.48416012646163]
2022-05-24 00:25:38.493 DEBUG 9992 --- [nio-9999-exec-2] c.s.vue.controller.HouseMapController    : MapInfoDto [level=5, swLat=36.08896047601389, swLng=128.4052279392878, neLat=36.11537152571711, neLng=128.45736388060885]
2022-05-24 00:25:42.073 DEBUG 9992 --- [nio-9999-exec-3] c.s.vue.controller.HouseMapController    : MapInfoDto [level=6, swLat=36.0743902260034, swLng=128.38734128014326, neLat=36.12720512498328, neLng=128.4916165629871]
2022-05-24 00:26:12.479 DEBUG 9992 --- [nio-9999-exec-4] c.s.vue.controller.HouseMapController    : MapInfoDto [level=5, swLat=36.085099207400546, swLng=128.40560327920903, neLat=36.11151016552635, neLng=128.45773674399328]
2022-05-24 00:26:35.626 DEBUG 9992 --- [nio-9999-exec-9] c.s.vue.controller.HouseMapController    : MapInfoDto [level=5, swLat=36.088866535196075, swLng=128.41015572146574, neLat=36.11527540408285, neLng=128.4622931754528]
2022-05-24 00:26:36.702 DEBUG 9992 --- [io-9999-exec-10] c.s.vue.controller.HouseMapController    : MapInfoDto [level=6, swLat=36.07825906606484, swLng=128.3956239192276, neLat=36.13106647364249, neLng=128.49990970124261]
2022-05-24 00:27:57.826 DEBUG 9992 --- [nio-9999-exec-3] c.s.vue.controller.HouseMapController    : MapInfoDto [level=5, swLat=36.0903030766435, swLng=128.40753897316918, neLat=36.11671307676947, neLng=128.45967655658362]
2022-05-24 00:35:42.483 DEBUG 9992 --- [nio-9999-exec-3] c.s.vue.controller.HouseMapController    : MapInfoDto [level=5, swLat=36.08688817656302, swLng=128.39904048276446, neLat=36.11304784213819, neLng=128.47200266733844]
2022-05-24 00:35:43.968 DEBUG 9992 --- [nio-9999-exec-4] c.s.vue.controller.HouseMapController    : MapInfoDto [level=6, swLat=36.072507591629225, swLng=128.38337877275853, neLat=36.12480129257979, neLng=128.52931361594662]
2022-05-24 00:35:45.268 DEBUG 9992 --- [nio-9999-exec-5] c.s.vue.controller.HouseMapController    : MapInfoDto [level=6, swLat=36.082661131659684, swLng=128.31392750614424, neLat=36.135039985770824, neLng=128.45983822930728]
2022-05-24 00:36:10.696 DEBUG 9992 --- [nio-9999-exec-8] c.s.vue.controller.HouseMapController    : MapInfoDto [level=4, swLat=36.094170357196646, swLng=128.4173564786934, neLat=36.107376096269846, neLng=128.4434238358588]
2022-05-24 00:36:10.699 DEBUG 9992 --- [nio-9999-exec-9] c.s.vue.controller.HouseMapController    : MapInfoDto [level=4, swLat=36.09423170405105, swLng=128.41216132035032, neLat=36.10731310595845, neLng=128.44864199344536]
2022-05-24 00:36:20.836 DEBUG 9992 --- [nio-9999-exec-2] c.s.vue.controller.HouseMapController    : MapInfoDto [level=4, swLat=36.09423170405105, swLng=128.41216132035032, neLat=36.10731310595845, neLng=128.44864199344536]
2022-05-24 00:36:20.848 DEBUG 9992 --- [nio-9999-exec-3] c.s.vue.controller.HouseMapController    : MapInfoDto [level=4, swLat=36.094170357196646, swLng=128.4173564786934, neLat=36.107376096269846, neLng=128.4434238358588]
2022-05-24 00:36:22.355 DEBUG 9992 --- [nio-9999-exec-5] c.s.vue.controller.HouseMapController    : MapInfoDto [level=4, swLat=36.09423170405105, swLng=128.41216132035032, neLat=36.10731310595845, neLng=128.44864199344536]
2022-05-24 00:36:23.382 DEBUG 9992 --- [nio-9999-exec-6] c.s.vue.controller.HouseMapController    : MapInfoDto [level=5, swLat=36.089020123200186, swLng=128.39858976283114, neLat=36.115180012516646, neLng=128.47155380400508]
2022-05-24 00:36:24.139 DEBUG 9992 --- [nio-9999-exec-7] c.s.vue.controller.HouseMapController    : MapInfoDto [level=6, swLat=36.07662803070041, swLng=128.37927708985063, neLat=36.12892657876427, neLng=128.52521711192944]
2022-05-24 00:36:24.244 DEBUG 9992 --- [nio-9999-exec-8] c.s.vue.controller.HouseMapController    : MapInfoDto [level=6, swLat=36.07662803070041, swLng=128.37927708985063, neLat=36.12892657876427, neLng=128.52521711192944]
2022-05-24 00:36:24.289 DEBUG 9992 --- [nio-9999-exec-9] c.s.vue.controller.HouseMapController    : MapInfoDto [level=6, swLat=36.07662803070041, swLng=128.37927708985063, neLat=36.12892657876427, neLng=128.52521711192944]
2022-05-24 00:36:24.490 DEBUG 9992 --- [io-9999-exec-10] c.s.vue.controller.HouseMapController    : MapInfoDto [level=6, swLat=36.07662803070041, swLng=128.37927708985063, neLat=36.12892657876427, neLng=128.52521711192944]
2022-05-24 00:36:24.540 DEBUG 9992 --- [nio-9999-exec-1] c.s.vue.controller.HouseMapController    : MapInfoDto [level=6, swLat=36.07662803070041, swLng=128.37927708985063, neLat=36.12892657876427, neLng=128.52521711192944]
2022-05-24 00:36:24.738 DEBUG 9992 --- [nio-9999-exec-2] c.s.vue.controller.HouseMapController    : MapInfoDto [level=6, swLat=36.07662803070041, swLng=128.37927708985063, neLat=36.12892657876427, neLng=128.52521711192944]
2022-05-24 00:36:24.944 DEBUG 9992 --- [nio-9999-exec-3] c.s.vue.controller.HouseMapController    : MapInfoDto [level=6, swLat=36.07662803070041, swLng=128.37927708985063, neLat=36.12892657876427, neLng=128.52521711192944]
2022-05-24 00:36:25.204 DEBUG 9992 --- [nio-9999-exec-4] c.s.vue.controller.HouseMapController    : MapInfoDto [level=6, swLat=36.07662803070041, swLng=128.37927708985063, neLat=36.12892657876427, neLng=128.52521711192944]
2022-05-24 00:36:25.473 DEBUG 9992 --- [nio-9999-exec-5] c.s.vue.controller.HouseMapController    : MapInfoDto [level=6, swLat=36.07662803070041, swLng=128.37927708985063, neLat=36.12892657876427, neLng=128.52521711192944]
2022-05-24 00:36:25.730 DEBUG 9992 --- [nio-9999-exec-6] c.s.vue.controller.HouseMapController    : MapInfoDto [level=6, swLat=36.07662803070041, swLng=128.37927708985063, neLat=36.12892657876427, neLng=128.52521711192944]
2022-05-24 00:36:26.004 DEBUG 9992 --- [nio-9999-exec-7] c.s.vue.controller.HouseMapController    : MapInfoDto [level=6, swLat=36.07662803070041, swLng=128.37927708985063, neLat=36.12892657876427, neLng=128.52521711192944]
2022-05-24 00:36:26.292 DEBUG 9992 --- [nio-9999-exec-8] c.s.vue.controller.HouseMapController    : MapInfoDto [level=6, swLat=36.07662803070041, swLng=128.37927708985063, neLat=36.12892657876427, neLng=128.52521711192944]
2022-05-24 00:36:26.463 DEBUG 9992 --- [nio-9999-exec-9] c.s.vue.controller.HouseMapController    : MapInfoDto [level=6, swLat=36.07662803070041, swLng=128.37927708985063, neLat=36.12892657876427, neLng=128.52521711192944]
2022-05-24 00:36:26.792 DEBUG 9992 --- [io-9999-exec-10] c.s.vue.controller.HouseMapController    : MapInfoDto [level=6, swLat=36.07662803070041, swLng=128.37927708985063, neLat=36.12892657876427, neLng=128.52521711192944]
2022-05-24 00:36:27.145 DEBUG 9992 --- [nio-9999-exec-1] c.s.vue.controller.HouseMapController    : MapInfoDto [level=6, swLat=36.07662803070041, swLng=128.37927708985063, neLat=36.12892657876427, neLng=128.52521711192944]
2022-05-24 00:36:27.496 DEBUG 9992 --- [nio-9999-exec-2] c.s.vue.controller.HouseMapController    : MapInfoDto [level=6, swLat=36.07662803070041, swLng=128.37927708985063, neLat=36.12892657876427, neLng=128.52521711192944]
2022-05-24 00:36:27.860 DEBUG 9992 --- [nio-9999-exec-3] c.s.vue.controller.HouseMapController    : MapInfoDto [level=6, swLat=36.07662803070041, swLng=128.37927708985063, neLat=36.12892657876427, neLng=128.52521711192944]
2022-05-24 00:36:28.264 DEBUG 9992 --- [nio-9999-exec-4] c.s.vue.controller.HouseMapController    : MapInfoDto [level=6, swLat=36.07662803070041, swLng=128.37927708985063, neLat=36.12892657876427, neLng=128.52521711192944]
2022-05-24 00:36:28.673 DEBUG 9992 --- [nio-9999-exec-5] c.s.vue.controller.HouseMapController    : MapInfoDto [level=6, swLat=36.07662803070041, swLng=128.37927708985063, neLat=36.12892657876427, neLng=128.52521711192944]
2022-05-24 00:36:29.123 DEBUG 9992 --- [nio-9999-exec-6] c.s.vue.controller.HouseMapController    : MapInfoDto [level=6, swLat=36.07662803070041, swLng=128.37927708985063, neLat=36.12892657876427, neLng=128.52521711192944]
2022-05-24 00:36:29.583 DEBUG 9992 --- [nio-9999-exec-7] c.s.vue.controller.HouseMapController    : MapInfoDto [level=6, swLat=36.07662803070041, swLng=128.37927708985063, neLat=36.12892657876427, neLng=128.52521711192944]
2022-05-24 00:36:30.059 DEBUG 9992 --- [nio-9999-exec-8] c.s.vue.controller.HouseMapController    : MapInfoDto [level=6, swLat=36.07662803070041, swLng=128.37927708985063, neLat=36.12892657876427, neLng=128.52521711192944]
2022-05-24 00:36:30.588 DEBUG 9992 --- [nio-9999-exec-9] c.s.vue.controller.HouseMapController    : MapInfoDto [level=6, swLat=36.07662803070041, swLng=128.37927708985063, neLat=36.12892657876427, neLng=128.52521711192944]
2022-05-24 00:36:31.154 DEBUG 9992 --- [io-9999-exec-10] c.s.vue.controller.HouseMapController    : MapInfoDto [level=6, swLat=36.07662803070041, swLng=128.37927708985063, neLat=36.12892657876427, neLng=128.52521711192944]
2022-05-24 00:36:31.928 DEBUG 9992 --- [nio-9999-exec-1] c.s.vue.controller.HouseMapController    : MapInfoDto [level=6, swLat=36.07662803070041, swLng=128.37927708985063, neLat=36.12892657876427, neLng=128.52521711192944]
2022-05-24 00:36:32.827 DEBUG 9992 --- [nio-9999-exec-3] c.s.vue.controller.HouseMapController    : MapInfoDto [level=4, swLat=36.09423170405105, swLng=128.41216132035032, neLat=36.10731310595845, neLng=128.44864199344536]
2022-05-24 00:37:13.745 DEBUG 9992 --- [nio-9999-exec-6] c.s.vue.controller.HouseMapController    : MapInfoDto [level=4, swLat=36.09423170405105, swLng=128.41216132035032, neLat=36.10731310595845, neLng=128.44864199344536]
2022-05-24 00:37:13.752 DEBUG 9992 --- [nio-9999-exec-7] c.s.vue.controller.HouseMapController    : MapInfoDto [level=4, swLat=36.094170357196646, swLng=128.4173564786934, neLat=36.107376096269846, neLng=128.4434238358588]
2022-05-24 00:37:14.911 DEBUG 9992 --- [nio-9999-exec-9] c.s.vue.controller.HouseMapController    : MapInfoDto [level=4, swLat=36.09423170405105, swLng=128.41216132035032, neLat=36.10731310595845, neLng=128.44864199344536]
2022-05-24 00:37:15.627 DEBUG 9992 --- [io-9999-exec-10] c.s.vue.controller.HouseMapController    : MapInfoDto [level=5, swLat=36.08903801145783, swLng=128.4001444173908, neLat=36.11519694144306, neLng=128.4731089579986]
2022-05-24 00:37:16.504 DEBUG 9992 --- [nio-9999-exec-1] c.s.vue.controller.HouseMapController    : MapInfoDto [level=6, swLat=36.077058816896205, swLng=128.38567864629235, neLat=36.12934944258017, neLng=128.53162344212203]
2022-05-24 00:37:16.610 DEBUG 9992 --- [nio-9999-exec-2] c.s.vue.controller.HouseMapController    : MapInfoDto [level=6, swLat=36.077058816896205, swLng=128.38567864629235, neLat=36.12934944258017, neLng=128.53162344212203]
2022-05-24 00:37:16.771 DEBUG 9992 --- [nio-9999-exec-3] c.s.vue.controller.HouseMapController    : MapInfoDto [level=6, swLat=36.077058816896205, swLng=128.38567864629235, neLat=36.12934944258017, neLng=128.53162344212203]
2022-05-24 00:37:16.819 DEBUG 9992 --- [nio-9999-exec-4] c.s.vue.controller.HouseMapController    : MapInfoDto [level=6, swLat=36.077058816896205, swLng=128.38567864629235, neLat=36.12934944258017, neLng=128.53162344212203]
2022-05-24 00:37:17.004 DEBUG 9992 --- [nio-9999-exec-5] c.s.vue.controller.HouseMapController    : MapInfoDto [level=6, swLat=36.077058816896205, swLng=128.38567864629235, neLat=36.12934944258017, neLng=128.53162344212203]
2022-05-24 00:37:17.172 DEBUG 9992 --- [nio-9999-exec-6] c.s.vue.controller.HouseMapController    : MapInfoDto [level=6, swLat=36.077058816896205, swLng=128.38567864629235, neLat=36.12934944258017, neLng=128.53162344212203]
2022-05-24 00:37:17.353 DEBUG 9992 --- [nio-9999-exec-7] c.s.vue.controller.HouseMapController    : MapInfoDto [level=6, swLat=36.077058816896205, swLng=128.38567864629235, neLat=36.12934944258017, neLng=128.53162344212203]
2022-05-24 00:37:17.594 DEBUG 9992 --- [nio-9999-exec-8] c.s.vue.controller.HouseMapController    : MapInfoDto [level=6, swLat=36.077058816896205, swLng=128.38567864629235, neLat=36.12934944258017, neLng=128.53162344212203]
2022-05-24 00:37:17.833 DEBUG 9992 --- [nio-9999-exec-9] c.s.vue.controller.HouseMapController    : MapInfoDto [level=6, swLat=36.077058816896205, swLng=128.38567864629235, neLat=36.12934944258017, neLng=128.53162344212203]
2022-05-24 00:37:18.062 DEBUG 9992 --- [io-9999-exec-10] c.s.vue.controller.HouseMapController    : MapInfoDto [level=6, swLat=36.077058816896205, swLng=128.38567864629235, neLat=36.12934944258017, neLng=128.53162344212203]
2022-05-24 00:37:18.319 DEBUG 9992 --- [nio-9999-exec-1] c.s.vue.controller.HouseMapController    : MapInfoDto [level=6, swLat=36.077058816896205, swLng=128.38567864629235, neLat=36.12934944258017, neLng=128.53162344212203]
2022-05-24 00:37:18.578 DEBUG 9992 --- [nio-9999-exec-2] c.s.vue.controller.HouseMapController    : MapInfoDto [level=6, swLat=36.077058816896205, swLng=128.38567864629235, neLat=36.12934944258017, neLng=128.53162344212203]
2022-05-24 00:37:18.734 DEBUG 9992 --- [nio-9999-exec-4] c.s.vue.controller.HouseMapController    : MapInfoDto [level=6, swLat=36.077058816896205, swLng=128.38567864629235, neLat=36.12934944258017, neLng=128.53162344212203]
2022-05-24 00:37:19.004 DEBUG 9992 --- [nio-9999-exec-3] c.s.vue.controller.HouseMapController    : MapInfoDto [level=6, swLat=36.077058816896205, swLng=128.38567864629235, neLat=36.12934944258017, neLng=128.53162344212203]
2022-05-24 00:37:19.305 DEBUG 9992 --- [nio-9999-exec-5] c.s.vue.controller.HouseMapController    : MapInfoDto [level=6, swLat=36.077058816896205, swLng=128.38567864629235, neLat=36.12934944258017, neLng=128.53162344212203]
2022-05-24 00:37:19.701 DEBUG 9992 --- [nio-9999-exec-6] c.s.vue.controller.HouseMapController    : MapInfoDto [level=6, swLat=36.077058816896205, swLng=128.38567864629235, neLat=36.12934944258017, neLng=128.53162344212203]
2022-05-24 00:37:20.300 DEBUG 9992 --- [nio-9999-exec-8] c.s.vue.controller.HouseMapController    : MapInfoDto [level=4, swLat=36.09423170405105, swLng=128.41216132035032, neLat=36.10731310595845, neLng=128.44864199344536]
2022-05-24 01:01:32.651 DEBUG 9992 --- [nio-9999-exec-5] c.s.vue.controller.HouseMapController    : MapInfoDto [level=5, swLat=36.08828469804321, swLng=128.40137451319188, neLat=36.114442888513544, neLng=128.4743387301603]
2022-05-24 01:01:33.322 DEBUG 9992 --- [nio-9999-exec-6] c.s.vue.controller.HouseMapController    : MapInfoDto [level=6, swLat=36.07635160980836, swLng=128.37980509343907, neLat=36.12864952067165, neLng=128.52574492478325]
2022-05-24 01:01:33.779 DEBUG 9992 --- [nio-9999-exec-7] c.s.vue.controller.HouseMapController    : MapInfoDto [level=7, swLat=36.05247329724499, swLng=128.33668560627598, neLat=36.15699508435005, neLng=128.62861071558228]
2022-05-24 01:01:40.349 DEBUG 9992 --- [nio-9999-exec-9] c.s.vue.controller.HouseMapController    : MapInfoDto [level=6, swLat=36.069515426848575, swLng=128.38028505337186, neLat=36.121813100778546, neLng=128.52621237460676]
2022-05-24 01:01:41.818 DEBUG 9992 --- [io-9999-exec-10] c.s.vue.controller.HouseMapController    : MapInfoDto [level=6, swLat=36.088455711084904, swLng=128.2915303556118, neLat=36.14086189371465, neLng=128.43743796863498]
2022-05-24 01:01:46.796 DEBUG 9992 --- [nio-9999-exec-1] c.s.vue.controller.HouseMapController    : MapInfoDto [level=4, swLat=36.10715575604503, swLng=128.33174813474983, neLat=36.12026178370922, neLng=128.3682223259181]
2022-05-24 01:01:46.842 DEBUG 9992 --- [nio-9999-exec-2] c.s.vue.controller.HouseMapController    : MapInfoDto [level=4, swLat=36.10715575604503, swLng=128.33174813474983, neLat=36.12026178370922, neLng=128.3682223259181]
2022-05-24 01:01:46.857 DEBUG 9992 --- [nio-9999-exec-4] c.s.vue.controller.HouseMapController    : MapInfoDto [level=4, swLat=36.10715575604503, swLng=128.33174813474983, neLat=36.12026178370922, neLng=128.3682223259181]
2022-05-24 01:01:46.877 DEBUG 9992 --- [nio-9999-exec-3] c.s.vue.controller.HouseMapController    : MapInfoDto [level=4, swLat=36.10715575604503, swLng=128.33174813474983, neLat=36.12026178370922, neLng=128.3682223259181]
2022-05-24 01:01:46.900 DEBUG 9992 --- [nio-9999-exec-5] c.s.vue.controller.HouseMapController    : MapInfoDto [level=4, swLat=36.10715575604503, swLng=128.33174813474983, neLat=36.12026178370922, neLng=128.3682223259181]
2022-05-24 01:01:46.922 DEBUG 9992 --- [nio-9999-exec-6] c.s.vue.controller.HouseMapController    : MapInfoDto [level=4, swLat=36.10715575604503, swLng=128.33174813474983, neLat=36.12026178370922, neLng=128.3682223259181]
2022-05-24 01:01:46.943 DEBUG 9992 --- [nio-9999-exec-7] c.s.vue.controller.HouseMapController    : MapInfoDto [level=4, swLat=36.10715575604503, swLng=128.33174813474983, neLat=36.12026178370922, neLng=128.3682223259181]
2022-05-24 01:01:47.263 DEBUG 9992 --- [nio-9999-exec-8] c.s.vue.controller.HouseMapController    : MapInfoDto [level=4, swLat=36.10715575604503, swLng=128.33174813474983, neLat=36.12026178370922, neLng=128.3682223259181]
2022-05-24 01:01:47.847 DEBUG 9992 --- [nio-9999-exec-9] c.s.vue.controller.HouseMapController    : MapInfoDto [level=4, swLat=36.10715575604503, swLng=128.33174813474983, neLat=36.12026178370922, neLng=128.3682223259181]
2022-05-24 01:01:48.579 DEBUG 9992 --- [io-9999-exec-10] c.s.vue.controller.HouseMapController    : MapInfoDto [level=4, swLat=36.10715575604503, swLng=128.33174813474983, neLat=36.12026178370922, neLng=128.3682223259181]
2022-05-24 01:01:49.504 DEBUG 9992 --- [nio-9999-exec-1] c.s.vue.controller.HouseMapController    : MapInfoDto [level=4, swLat=36.10715575604503, swLng=128.33174813474983, neLat=36.12026178370922, neLng=128.3682223259181]
2022-05-24 01:01:50.555 DEBUG 9992 --- [nio-9999-exec-2] c.s.vue.controller.HouseMapController    : MapInfoDto [level=4, swLat=36.10715575604503, swLng=128.33174813474983, neLat=36.12026178370922, neLng=128.3682223259181]
2022-05-24 01:01:51.770 DEBUG 9992 --- [nio-9999-exec-4] c.s.vue.controller.HouseMapController    : MapInfoDto [level=5, swLat=36.102212813564265, swLng=128.31913896420534, neLat=36.12842136010556, neLng=128.39209061280462]
2022-05-24 01:01:53.289 DEBUG 9992 --- [nio-9999-exec-3] c.s.vue.controller.HouseMapController    : MapInfoDto [level=6, swLat=36.092033561559056, swLng=128.29400934953304, neLat=36.14443651058353, neLng=128.4399252105071]
